2025-08-19 14:48:27,400 - Log file for this run: D:\B_School\School\TestMax\ai8x-training\logs\2025.08.19-144827\2025.08.19-144827.log
2025-08-19 14:48:27,469 - => loading checkpoint D:/B_School/School/TestMax/ai8x-training/logs/2025.08.16-081854/best-quantized.pth.tar
2025-08-19 14:48:27,469 - => Checkpoint contents:
+----------------------+-------------+-----------+
| Key                  | Type        | Value     |
|----------------------+-------------+-----------|
| arch                 | str         | ai85cdnet |
| compression_sched    | dict        |           |
| epoch                | int         | 9         |
| extras               | dict        |           |
| optimizer_state_dict | dict        |           |
| optimizer_type       | type        | Adam      |
| state_dict           | OrderedDict |           |
+----------------------+-------------+-----------+

2025-08-19 14:48:27,469 - => Checkpoint['extras'] contents:
+-----------------+--------+-------------------+
| Key             | Type   | Value             |
|-----------------+--------+-------------------|
| best_epoch      | int    | 9                 |
| best_mAP        | int    | 0                 |
| best_top1       | float  | 81.13207547169812 |
| clipping_method | str    | MAX_BIT_SHIFT     |
| current_mAP     | int    | 0                 |
| current_top1    | float  | 81.13207547169812 |
+-----------------+--------+-------------------+

2025-08-19 14:48:27,469 - Loaded compression schedule from checkpoint (epoch 9)
2025-08-19 14:48:27,475 - => loaded 'state_dict' from checkpoint 'D:/B_School/School/TestMax/ai8x-training/logs/2025.08.16-081854/best-quantized.pth.tar'
2025-08-19 14:48:27,479 - Optimizer Type: <class 'torch.optim.sgd.SGD'>
2025-08-19 14:48:27,480 - Optimizer Args: {'lr': 0.1, 'momentum': 0.9, 'dampening': 0, 'weight_decay': 0.0001, 'nesterov': False}
2025-08-19 14:48:27,575 - Dataset sizes:
	training=7157
	validation=795
	test=508
2025-08-19 14:48:27,575 - --- test ---------------------
2025-08-19 14:48:27,576 - 508 samples (256 per mini-batch)
2025-08-19 14:48:47,058 - Test: [    2/    2]    Loss 0.816522    Top1 80.314961    
2025-08-19 14:48:47,614 - ==> Top1: 80.315    Loss: 0.817

2025-08-19 14:48:47,614 - ==> Confusion:
[[ 86   7  19  18]
 [  7  99  12   4]
 [ 14   2 119   1]
 [  8   5   3 104]]

2025-08-19 14:48:47,625 - 
2025-08-19 14:48:47,626 - Log file for this run: D:\B_School\School\TestMax\ai8x-training\logs\2025.08.19-144827\2025.08.19-144827.log
